This is LuaTeX, Version 1.07.0 (TeX Live 2018)  (format=lualatex 2019.2.21)  11 JUL 2020 23:19
 restricted system commands enabled.
**introduction.tex
(./introduction.tex
LaTeX2e <2018-04-01> patch level 2
Lua module: luaotfload-main 2017/01/29 2.80001 OpenType layout system.
Lua module: lualibs 2017-02-01 2.5 ConTeXt Lua standard libraries.
Lua module: lualibs-extended 2017-02-01 2.5 ConTeXt Lua libraries -- extended co
llection.(using write cache: /Users/mykola/Library/texlive/2018/texmf-var/luatex
-cache/generic)(using read cache: /usr/local/texlive/2018/texmf-var/luatex-cache
/generic /Users/mykola/Library/texlive/2018/texmf-var/luatex-cache/generic)
luaotfload | conf : Root cache directory is /Users/mykola/Library/texlive/2018/t
exmf-var/luatex-cache/generic/names.
luaotfload | init : Loading fontloader “fontloader-2017-02-11.lua” from kpse
-resolved path “/usr/local/texlive/2018/texmf-dist/tex/luatex/luaotfload/fontl
oader-2017-02-11.lua”.
Lua-only attribute luaotfload@state = 1
Lua-only attribute luaotfload@noligature = 2
Lua-only attribute luaotfload@syllabe = 3
luaotfload | init : Context OpenType loader version “3.027”
Inserting `luaotfload.node_processor' at position 1 in `pre_linebreak_filter'.
Inserting `luaotfload.node_processor' at position 1 in `hpack_filter'.
Inserting `luaotfload.define_font' at position 1 in `define_font'.
Lua-only attribute luaotfload_color_attribute = 4
luaotfload | conf : Root cache directory is /Users/mykola/Library/texlive/2018/t
exmf-var/luatex-cache/generic/names.
Inserting `luaotfload.aux.set_sscale_dimens' at position 1 in `luaotfload.patch_
font'.
Inserting `luaotfload.aux.patch_cambria_domh' at position 2 in `luaotfload.patch
_font'.
Inserting `luaotfload.aux.fixup_fontdata' at position 1 in `luaotfload.patch_fon
t_unsafe'.
Inserting `luaotfload.aux.set_capheight' at position 3 in `luaotfload.patch_font
'.
Inserting `luaotfload.rewrite_fontname' at position 4 in `luaotfload.patch_font'
.
luaotfload | main : initialization completed in 0.145 seconds
Babel <3.18> and hyphenation patterns for 1 language(s) loaded.
! Undefined control sequence.
l.1 \section
          {Introduction}
The control sequence at the end of the top line
of your error message was never \def'ed. If you have
misspelled it (e.g., `\hobx'), type `I' and the correct
spelling (e.g., `I\hbox'). Otherwise just continue,
and I'll forget about whatever was undefined.


! LaTeX Error: Missing \begin{document}.

See the LaTeX manual or LaTeX Companion for explanation.
Type  H <return>  for immediate help.
 ...                                              
                                                  
l.1 \section{I
            ntroduction}
You're in trouble here.  Try typing  <return>  to proceed.
If that doesn't work, type  X <return>  to quit.


Overfull \hbox (20.0pt too wide) in paragraph at lines 1--2
[]Introduction 
 []

! Undefined control sequence.
l.3 \subsection
             {Historical retrospective}
The control sequence at the end of the top line
of your error message was never \def'ed. If you have
misspelled it (e.g., `\hobx'), type `I' and the correct
spelling (e.g., `I\hbox'). Otherwise just continue,
and I'll forget about whatever was undefined.


! LaTeX Error: Missing \begin{document}.

See the LaTeX manual or LaTeX Companion for explanation.
Type  H <return>  for immediate help.
 ...                                              
                                                  
l.3 \subsection{H
               istorical retrospective}
You're in trouble here.  Try typing  <return>  to proceed.
If that doesn't work, type  X <return>  to quit.

LaTeX Font Info:    External font `cmex10' loaded for size
(Font)              <7> on input line 4.
LaTeX Font Info:    External font `cmex10' loaded for size
(Font)              <5> on input line 4.
\citation{mendel}
luaotfload | db : Font names database loaded from /Users/mykola/Library/texlive/
2018/texmf-var/luatex-cache/generic/names/luaotfload-names.luc(load luc: /Users/
mykola/Library/texlive/2018/texmf-var/luatex-cache/generic/fonts/otl/lmroman10-r
egular.luc)(load luc: /Users/mykola/Library/texlive/2018/texmf-var/luatex-cache/
generic/fonts/otl/lmroman10-bold.luc)
! Undefined control sequence.
<write> ... Warning: Citation `\@citeb ' on page \thepage 
                                                  \space undefined\on@line .
l.5 ...odic table of elements in 1860s \cite{mendel}
                                                   was a tremendous step for...
The control sequence at the end of the top line
of your error message was never \def'ed. If you have
misspelled it (e.g., `\hobx'), type `I' and the correct
spelling (e.g., `I\hbox'). Otherwise just continue,
and I'll forget about whatever was undefined.


LaTeX Warning: Citation `mendel' on page  undefined on input line 5.

\citation{isotopes}
! Undefined control sequence.
<write> ... Warning: Citation `\@citeb ' on page \thepage 
                                                  \space undefined\on@line .
l.5 ...discovery of isotopes in 1913 \cite{isotopes}
                                                   left little room for othe...
The control sequence at the end of the top line
of your error message was never \def'ed. If you have
misspelled it (e.g., `\hobx'), type `I' and the correct
spelling (e.g., `I\hbox'). Otherwise just continue,
and I'll forget about whatever was undefined.


LaTeX Warning: Citation `isotopes' on page  undefined on input line 5.

\citation{brownian}
! Undefined control sequence.
<write> ... Warning: Citation `\@citeb ' on page \thepage 
                                                  \space undefined\on@line .
l.6 ...nation of the Brownian motion \cite{brownian}
                                                   has secured its dominance...
The control sequence at the end of the top line
of your error message was never \def'ed. If you have
misspelled it (e.g., `\hobx'), type `I' and the correct
spelling (e.g., `I\hbox'). Otherwise just continue,
and I'll forget about whatever was undefined.


LaTeX Warning: Citation `brownian' on page  undefined on input line 6.

\citation{cathode}
! Undefined control sequence.
<write> ... Warning: Citation `\@citeb ' on page \thepage 
                                                  \space undefined\on@line .
l.6 ... which was called the electron \cite{cathode}
                                                  . \\
The control sequence at the end of the top line
of your error message was never \def'ed. If you have
misspelled it (e.g., `\hobx'), type `I' and the correct
spelling (e.g., `I\hbox'). Otherwise just continue,
and I'll forget about whatever was undefined.


LaTeX Warning: Citation `cathode' on page  undefined on input line 6.

\citation{neutron}
! Undefined control sequence.
<write> ... Warning: Citation `\@citeb ' on page \thepage 
                                                  \space undefined\on@line .
l.7 ...e of neutron discovery in 1932 \cite{neutron}
                                                   the list of what was call...
The control sequence at the end of the top line
of your error message was never \def'ed. If you have
misspelled it (e.g., `\hobx'), type `I' and the correct
spelling (e.g., `I\hbox'). Otherwise just continue,
and I'll forget about whatever was undefined.


LaTeX Warning: Citation `neutron' on page  undefined on input line 7.

\citation{positron_exp}
! Undefined control sequence.
<write> ... Warning: Citation `\@citeb ' on page \thepage 
                                                  \space undefined\on@line .
l.8 ...tiparticle - the positron \cite{positron_exp}
                                                  , confirming the theoretic...
The control sequence at the end of the top line
of your error message was never \def'ed. If you have
misspelled it (e.g., `\hobx'), type `I' and the correct
spelling (e.g., `I\hbox'). Otherwise just continue,
and I'll forget about whatever was undefined.


LaTeX Warning: Citation `positron_exp' on page  undefined on input line 8.

\citation{positron_th}
! Undefined control sequence.
<write> ... Warning: Citation `\@citeb ' on page \thepage 
                                                  \space undefined\on@line .
l.8 ...tical predictions by Dirac \cite{positron_th}
                                                  . Further discoveries of t...
The control sequence at the end of the top line
of your error message was never \def'ed. If you have
misspelled it (e.g., `\hobx'), type `I' and the correct
spelling (e.g., `I\hbox'). Otherwise just continue,
and I'll forget about whatever was undefined.


LaTeX Warning: Citation `positron_th' on page  undefined on input line 8.

\citation{muon_exp}
! Undefined control sequence.
<write> ... Warning: Citation `\@citeb ' on page \thepage 
                                                  \space undefined\on@line .
l.8 ...rther discoveries of the muon \cite{muon_exp}
                                                  , pion \cite{pion}, kaon \...
The control sequence at the end of the top line
of your error message was never \def'ed. If you have
misspelled it (e.g., `\hobx'), type `I' and the correct
spelling (e.g., `I\hbox'). Otherwise just continue,
and I'll forget about whatever was undefined.


LaTeX Warning: Citation `muon_exp' on page  undefined on input line 8.

\citation{pion}
! Undefined control sequence.
<write> ... Warning: Citation `\@citeb ' on page \thepage 
                                                  \space undefined\on@line .
l.8 ...of the muon \cite{muon_exp}, pion \cite{pion}
                                                  , kaon \cite{kaon} and $\L...
The control sequence at the end of the top line
of your error message was never \def'ed. If you have
misspelled it (e.g., `\hobx'), type `I' and the correct
spelling (e.g., `I\hbox'). Otherwise just continue,
and I'll forget about whatever was undefined.


LaTeX Warning: Citation `pion' on page  undefined on input line 8.

\citation{kaon}
! Undefined control sequence.
<write> ... Warning: Citation `\@citeb ' on page \thepage 
                                                  \space undefined\on@line .
l.8 ...muon_exp}, pion \cite{pion}, kaon \cite{kaon}
                                                   and $\Lambda_0$ \cite{lam...
The control sequence at the end of the top line
of your error message was never \def'ed. If you have
misspelled it (e.g., `\hobx'), type `I' and the correct
spelling (e.g., `I\hbox'). Otherwise just continue,
and I'll forget about whatever was undefined.


LaTeX Warning: Citation `kaon' on page  undefined on input line 8.

\citation{lambda0}
! Undefined control sequence.
<write> ... Warning: Citation `\@citeb ' on page \thepage 
                                                  \space undefined\on@line .
l.8 ...on \cite{kaon} and $\Lambda_0$ \cite{lambda0}
                                                   have shown that the list ...
The control sequence at the end of the top line
of your error message was never \def'ed. If you have
misspelled it (e.g., `\hobx'), type `I' and the correct
spelling (e.g., `I\hbox'). Otherwise just continue,
and I'll forget about whatever was undefined.


LaTeX Warning: Citation `lambda0' on page  undefined on input line 8.

\citation{gellMann}
! Undefined control sequence.
<write> ... Warning: Citation `\@citeb ' on page \thepage 
                                                  \space undefined\on@line .
l.10 ...ere eventually called quarks \cite{gellMann}
                                                  , \cite{zweig}. By the lat...
The control sequence at the end of the top line
of your error message was never \def'ed. If you have
misspelled it (e.g., `\hobx'), type `I' and the correct
spelling (e.g., `I\hbox'). Otherwise just continue,
and I'll forget about whatever was undefined.


LaTeX Warning: Citation `gellMann' on page  undefined on input line 10.

\citation{zweig}
! Undefined control sequence.
<write> ... Warning: Citation `\@citeb ' on page \thepage 
                                                  \space undefined\on@line .
l.10 ... called quarks \cite{gellMann}, \cite{zweig}
                                                  . By the late 1960s hypoth...
The control sequence at the end of the top line
of your error message was never \def'ed. If you have
misspelled it (e.g., `\hobx'), type `I' and the correct
spelling (e.g., `I\hbox'). Otherwise just continue,
and I'll forget about whatever was undefined.


LaTeX Warning: Citation `zweig' on page  undefined on input line 10.

\citation{omega}
! Undefined control sequence.
<write> ... Warning: Citation `\@citeb ' on page \thepage 
                                                  \space undefined\on@line .
l.10 ...d successfully predict new ones \cite{omega}
                                                  . Since then three more qu...
The control sequence at the end of the top line
of your error message was never \def'ed. If you have
misspelled it (e.g., `\hobx'), type `I' and the correct
spelling (e.g., `I\hbox'). Otherwise just continue,
and I'll forget about whatever was undefined.


LaTeX Warning: Citation `omega' on page  undefined on input line 10.

! Undefined control sequence.
l.11 ... their antiparticles) and 5 bosons. The \gls
                                                  {sm} is described in more ...
The control sequence at the end of the top line
of your error message was never \def'ed. If you have
misspelled it (e.g., `\hobx'), type `I' and the correct
spelling (e.g., `I\hbox'). Otherwise just continue,
and I'll forget about whatever was undefined.

! Undefined control sequence.
l.13 \subsection
              {Current challenges}
The control sequence at the end of the top line
of your error message was never \def'ed. If you have
misspelled it (e.g., `\hobx'), type `I' and the correct
spelling (e.g., `I\hbox'). Otherwise just continue,
and I'll forget about whatever was undefined.


Overfull \hbox (20.0pt too wide) in paragraph at lines 3--14
[]Historical
 []


Overfull \hbox (32.77031pt too wide) in paragraph at lines 3--14
($\OML/cmm/m/it/10 oo$
 []


Overfull \hbox (8.20259pt too wide) in paragraph at lines 3--14
XIX$[][]$
 []


Overfull \hbox (5.43pt too wide) in paragraph at lines 3--14
[[]]
 []


Overfull \hbox (5.43pt too wide) in paragraph at lines 3--14
[[]]
 []


Overfull \hbox (8.20259pt too wide) in paragraph at lines 3--14
XIX$[][]$
 []


Overfull \hbox (5.43pt too wide) in paragraph at lines 3--14
[[]]
 []


Overfull \hbox (5.43pt too wide) in paragraph at lines 3--14
[[]]. 
 []


Overfull \hbox (5.43pt too wide) in paragraph at lines 3--14
[[]]
 []


Overfull \hbox (5.43pt too wide) in paragraph at lines 3--14
[[]],
 []


Overfull \hbox (5.43pt too wide) in paragraph at lines 3--14
[[]].
 []


Overfull \hbox (5.43pt too wide) in paragraph at lines 3--14
[[]],
 []


Overfull \hbox (5.43pt too wide) in paragraph at lines 3--14
[[]],
 []


Overfull \hbox (5.43pt too wide) in paragraph at lines 3--14
[[]]
 []


Overfull \hbox (11.43057pt too wide) in paragraph at lines 3--14
\OT1/cmr/m/n/10 []$
 []


Overfull \hbox (5.43pt too wide) in paragraph at lines 3--14
[[]]
 []


Overfull \hbox (5.43pt too wide) in paragraph at lines 3--14
[[]],
 []


Overfull \hbox (5.43pt too wide) in paragraph at lines 3--14
[[]].
 []


Overfull \hbox (5.43pt too wide) in paragraph at lines 3--14
[[]].
 []


! LaTeX Error: Missing \begin{document}.

See the LaTeX manual or LaTeX Companion for explanation.
Type  H <return>  for immediate help.
 ...                                              
                                                  
l.15 T
    he establishment of the Standard Model was a colossal step forward in un...
You're in trouble here.  Try typing  <return>  to proceed.
If that doesn't work, type  X <return>  to quit.

! Undefined control sequence.
l.15 ...ory, which do not allow to think of the \gls
                                                  {sm} as of the final theor...
The control sequence at the end of the top line
of your error message was never \def'ed. If you have
misspelled it (e.g., `\hobx'), type `I' and the correct
spelling (e.g., `I\hbox'). Otherwise just continue,
and I'll forget about whatever was undefined.


Overfull \hbox (20.0pt too wide) in paragraph at lines 15--16
[]The
 []

! Undefined control sequence.
l.18 ...which does not correspond to any of the \gls
                                                  {sm} particles.
The control sequence at the end of the top line
of your error message was never \def'ed. If you have
misspelled it (e.g., `\hobx'), type `I' and the correct
spelling (e.g., `I\hbox'). Otherwise just continue,
and I'll forget about whatever was undefined.

! Undefined control sequence.
l.19 ...antimatter in favour of the former. The \gls
                                                  {sm} does not provide an e...
The control sequence at the end of the top line
of your error message was never \def'ed. If you have
misspelled it (e.g., `\hobx'), type `I' and the correct
spelling (e.g., `I\hbox'). Otherwise just continue,
and I'll forget about whatever was undefined.

! Undefined control sequence.
l.20 ...ce is not represented in any way in the \gls
                                                  {sm}.
The control sequence at the end of the top line
of your error message was never \def'ed. If you have
misspelled it (e.g., `\hobx'), type `I' and the correct
spelling (e.g., `I\hbox'). Otherwise just continue,
and I'll forget about whatever was undefined.


Overfull \hbox (18.47229pt too wide) in paragraph at lines 21--22
\OT1/cmr/m/n/10 10[]$
 []

! Undefined control sequence.
l.24 ...ts have been taken to either modify the \gls
                                                  {sm} or to replace it with...
The control sequence at the end of the top line
of your error message was never \def'ed. If you have
misspelled it (e.g., `\hobx'), type `I' and the correct
spelling (e.g., `I\hbox'). Otherwise just continue,
and I'll forget about whatever was undefined.

! Undefined control sequence.
l.24 ...mental theory, but so far none of these \gls
                                                  {bsm} theories were ever c...
The control sequence at the end of the top line
of your error message was never \def'ed. If you have
misspelled it (e.g., `\hobx'), type `I' and the correct
spelling (e.g., `I\hbox'). Otherwise just continue,
and I'll forget about whatever was undefined.

! Undefined control sequence.
l.24 ...were ever confirmed experimentally. The \gls
                                                  {sm} is still a source of ...
The control sequence at the end of the top line
of your error message was never \def'ed. If you have
misspelled it (e.g., `\hobx'), type `I' and the correct
spelling (e.g., `I\hbox'). Otherwise just continue,
and I'll forget about whatever was undefined.

! Undefined control sequence.
l.24 ...rticle interactions. Description of the \gls
                                                  {bsm} theories goes beyond...
The control sequence at the end of the top line
of your error message was never \def'ed. If you have
misspelled it (e.g., `\hobx'), type `I' and the correct
spelling (e.g., `I\hbox'). Otherwise just continue,
and I'll forget about whatever was undefined.

! Undefined control sequence.
l.25 The \gls
           {sm} depends on the list of 18 free parameters (to be described i...
The control sequence at the end of the top line
of your error message was never \def'ed. If you have
misspelled it (e.g., `\hobx'), type `I' and the correct
spelling (e.g., `I\hbox'). Otherwise just continue,
and I'll forget about whatever was undefined.

! Undefined control sequence.
l.25 ...ers - the better is the accuracy of the \gls
                                                  {sm} prediction. Precise k...
The control sequence at the end of the top line
of your error message was never \def'ed. If you have
misspelled it (e.g., `\hobx'), type `I' and the correct
spelling (e.g., `I\hbox'). Otherwise just continue,
and I'll forget about whatever was undefined.

! Undefined control sequence.
l.25 ...m} prediction. Precise knowledge of the \gls
                                                  {sm} input parameters can ...
The control sequence at the end of the top line
of your error message was never \def'ed. If you have
misspelled it (e.g., `\hobx'), type `I' and the correct
spelling (e.g., `I\hbox'). Otherwise just continue,
and I'll forget about whatever was undefined.

! Undefined control sequence.
l.26 ...scovering the last missing piece of the \gls
                                                  {sm}, the Higgs boson. Thi...
The control sequence at the end of the top line
of your error message was never \def'ed. If you have
misspelled it (e.g., `\hobx'), type `I' and the correct
spelling (e.g., `I\hbox'). Otherwise just continue,
and I'll forget about whatever was undefined.

! Undefined control sequence.
l.26 ... Higgs boson. This has ended the era of \gls
                                                  {sm} particle discoveries ...
The control sequence at the end of the top line
of your error message was never \def'ed. If you have
misspelled it (e.g., `\hobx'), type `I' and the correct
spelling (e.g., `I\hbox'). Otherwise just continue,
and I'll forget about whatever was undefined.

! Undefined control sequence.
l.26 ...pable to measure some parameters of the \gls
                                                  {sm} for the first time (l...
The control sequence at the end of the top line
of your error message was never \def'ed. If you have
misspelled it (e.g., `\hobx'), type `I' and the correct
spelling (e.g., `I\hbox'). Otherwise just continue,
and I'll forget about whatever was undefined.

! Undefined control sequence.
l.26 ...s, boosting the predictive power of the \gls
                                                  {sm}. \\
The control sequence at the end of the top line
of your error message was never \def'ed. If you have
misspelled it (e.g., `\hobx'), type `I' and the correct
spelling (e.g., `I\hbox'). Otherwise just continue,
and I'll forget about whatever was undefined.

! Undefined control sequence.
l.27 ...e W boson mass, which is also among the \gls
                                                  {sm} free parameters. The ...
The control sequence at the end of the top line
of your error message was never \def'ed. If you have
misspelled it (e.g., `\hobx'), type `I' and the correct
spelling (e.g., `I\hbox'). Otherwise just continue,
and I'll forget about whatever was undefined.

! Undefined control sequence.
l.27 ...ss of the W boson was first measured at \gls
                                                  {lep} after its discovery ...
The control sequence at the end of the top line
of your error message was never \def'ed. If you have
misspelled it (e.g., `\hobx'), type `I' and the correct
spelling (e.g., `I\hbox'). Otherwise just continue,
and I'll forget about whatever was undefined.


Overfull \hbox (20.0pt too wide) in paragraph at lines 24--29
[]In
 []

! Undefined control sequence.
l.30 \subsection
              {Thesis composition}
The control sequence at the end of the top line
of your error message was never \def'ed. If you have
misspelled it (e.g., `\hobx'), type `I' and the correct
spelling (e.g., `I\hbox'). Otherwise just continue,
and I'll forget about whatever was undefined.

! Undefined control sequence.
l.31 ...s properties. Chapter 3 tells about the \gls
                                                  {lhc} and its operations. ...
The control sequence at the end of the top line
of your error message was never \def'ed. If you have
misspelled it (e.g., `\hobx'), type `I' and the correct
spelling (e.g., `I\hbox'). Otherwise just continue,
and I'll forget about whatever was undefined.

)
! Emergency stop.
<*> introduction.tex
                 
*** (job aborted, no legal \end found)



Here is how much of LuaTeX's memory you used:
 28 strings out of 494413
 100000,89155 words of node,token memory allocated 66033 words of node memory still in use:
   99 hlist, 5 disc, 10 local_par, 1 dir, 8 math, 1583 glue, 3 kern, 51 penalty,
 7578 glyph, 107 attribute, 35 glue_spec, 107 attribute_list, 1 temp nodes
   avail lists: 4:115,5:11,8:6,10:114
 4308 multiletter control sequences out of 65536+600000
 26 fonts using 1476487 bytes
 19i,2n,23p,957b,100s stack positions out of 5000i,500n,10000p,200000b,100000s
!  ==> Fatal error occurred, no output PDF file produced!
